android/build/intermediates/manifest_merge_blame_file/debug/manifest-merger-blame-debug-report.txt
1<?xml version="1.0" encoding="utf-8"?>
2<manifest xmlns:android="http://schemas.android.com/apk/res/android"
3    package="com.rnizooto" >
4
5    <uses-sdk android:minSdkVersion="21" />
6
7    <uses-permission android:name="REQUEST_COMPANION_START_FOREGROUND_SERVICES_FROM_BACKGROUND" />
7-->src/main/AndroidManifest.xml:3:5-98
7-->src/main/AndroidManifest.xml:3:22-96
8
9</manifest>